<?xml version="1.0" encoding="UTF-8"?>
<testng-results skipped="0" failed="0" ignored="0" total="1" passed="1">
  <reporter-output>
  </reporter-output>
  <suite name="Default suite" duration-ms="155" started-at="2018-10-24T05:02:36Z" finished-at="2018-10-24T05:02:37Z">
    <groups>
    </groups>
    <test name="Default test" duration-ms="155" started-at="2018-10-24T05:02:36Z" finished-at="2018-10-24T05:02:37Z">
      <class name="testNGexamples.Example1">
        <test-method status="PASS" signature="method1()[pri:0, instance:testNGexamples.Example1@11f39f9]" name="method1" duration-ms="46" started-at="2018-10-24T05:02:37Z" finished-at="2018-10-24T05:02:37Z">
          <reporter-output>
          </reporter-output>
        </test-method> <!-- method1 -->
      </class> <!-- testNGexamples.Example1 -->
    </test> <!-- Default test -->
  </suite> <!-- Default suite -->
</testng-results>
